#
# There is insufficient memory for the Java Runtime Environment to continue.
# Native memory allocation (malloc) failed to allocate 1048576 bytes for AllocateHeap
# Possible reasons:
#   The system is out of physical RAM or swap space
#   In 32 bit mode, the process size limit was hit
# Possible solutions:
#   Reduce memory load on the system
#   Increase physical memory or swap space
#   Check if swap backing store is full
#   Use 64 bit Java on a 64 bit OS
#   Decrease Java heap size (-Xmx/-Xms)
#   Decrease number of Java threads
#   Decrease Java thread stack sizes (-Xss)
#   Set larger code cache with -XX:ReservedCodeCacheSize=
# This output file may be truncated or incomplete.
#
#  Out of Memory Error (memory/allocation.inline.hpp:61), pid=15732, tid=0x0000000000002f9c
#
# JRE version:  (8.0_111-b14) (build )
# Java VM: Java HotSpot(TM) 64-Bit Server VM (25.111-b14 mixed mode windows-amd64 compressed oops)
# Failed to write core dump. Minidumps are not enabled by default on client versions of Windows
#

---------------  T H R E A D  ---------------

Current thread (0x0000000002cbe000):  JavaThread "Unknown thread" [_thread_in_vm, id=12188, stack(0x0000000002b50000,0x0000000002c50000)]

Stack: [0x0000000002b50000,0x0000000002c50000]
[error occurred during error reporting (printing stack bounds), id 0xc0000005]

Native frames: (J=compiled Java code, j=interpreted, Vv=VM code, C=native code)


---------------  P R O C E S S  ---------------

Java Threads: ( => current thread )

Other Threads:

=>0x0000000002cbe000 (exited) JavaThread "Unknown thread" [_thread_in_vm, id=12188, stack(0x0000000002b50000,0x0000000002c50000)]

VM state:not at safepoint (normal execution)

VM Mutex/Monitor currently owned by a thread: None

Heap:
 PSYoungGen      total 35328K, used 614K [0x00000000d8b00000, 0x00000000db200000, 0x0000000100000000)
  eden space 30720K, 2% used [0x00000000d8b00000,0x00000000d8b999a8,0x00000000da900000)
  from space 4608K, 0% used [0x00000000dad80000,0x00000000dad80000,0x00000000db200000)
  to   space 4608K, 0% used [0x00000000da900000,0x00000000da900000,0x00000000dad80000)
 ParOldGen       total 80896K, used 0K [0x000000008a000000, 0x000000008ef00000, 0x00000000d8b00000)
  object space 80896K, 0% used [0x000000008a000000,0x000000008a000000,0x000000008ef00000)
 Metaspace       used 770K, capacity 4480K, committed 4480K, reserved 1056768K
  class space    used 75K, capacity 384K, committed 384K, reserved 1048576K

Card table byte_map: [0x0000000012180000,0x0000000012540000] byte_map_base: 0x0000000011d30000

Marking Bits: (ParMarkBitMap*) 0x00000000649da6c0
 Begin Bits: [0x0000000012fc0000, 0x0000000014d40000)
 End Bits:   [0x0000000014d40000, 0x0000000016ac0000)

Polling page: 0x00000000012a0000

CodeCache: size=245760Kb used=327Kb max_used=327Kb free=245432Kb
 bounds [0x0000000002dc0000, 0x0000000003030000, 0x0000000011dc0000]
 total_blobs=57 nmethods=0 adapters=38
 compilation: enabled

Compilation events (0 events):
No events

GC Heap History (0 events):
No events

Deoptimization events (0 events):
No events

Internal exceptions (0 events):
No events

Events (10 events):
Event: 0.134 loading class java/lang/Short
Event: 0.134 loading class java/lang/Short done
Event: 0.134 loading class java/lang/Integer
Event: 0.135 loading class java/lang/Integer done
Event: 0.135 loading class java/lang/Long
Event: 0.135 loading class java/lang/Long done
Event: 0.139 loading class java/lang/NullPointerException
Event: 0.139 loading class java/lang/NullPointerException done
Event: 0.140 loading class java/lang/ArithmeticException
Event: 0.140 loading class java/lang/ArithmeticException done


Dynamic libraries:
0x00007ff7b51e0000 - 0x00007ff7b5217000 	C:\Program Files\Java\jdk1.8.0_111\bin\java.exe
0x00007ffe44d70000 - 0x00007ffe44f87000 	C:\WINDOWS\SYSTEM32\ntdll.dll
0x00007ffe441e0000 - 0x00007ffe442a4000 	C:\WINDOWS\System32\KERNEL32.DLL
0x00007ffe41fd0000 - 0x00007ffe423a1000 	C:\WINDOWS\System32\KERNELBASE.dll
0x00007ffe42a40000 - 0x00007ffe42af1000 	C:\WINDOWS\System32\ADVAPI32.dll
0x00007ffe42cc0000 - 0x00007ffe42d67000 	C:\WINDOWS\System32\msvcrt.dll
0x00007ffe43fb0000 - 0x00007ffe44057000 	C:\WINDOWS\System32\sechost.dll
0x00007ffe423b0000 - 0x00007ffe423d8000 	C:\WINDOWS\System32\bcrypt.dll
0x00007ffe43e00000 - 0x00007ffe43f14000 	C:\WINDOWS\System32\RPCRT4.dll
0x00007ffe42ef0000 - 0x00007ffe430a1000 	C:\WINDOWS\System32\USER32.dll
0x00007ffe42640000 - 0x00007ffe42666000 	C:\WINDOWS\System32\win32u.dll
0x00007ffe43dc0000 - 0x00007ffe43de9000 	C:\WINDOWS\System32\GDI32.dll
0x00007ffe42920000 - 0x00007ffe42a3b000 	C:\WINDOWS\System32\gdi32full.dll
0x00007ffe42520000 - 0x00007ffe425ba000 	C:\WINDOWS\System32\msvcp_win.dll
0x00007ffe41eb0000 - 0x00007ffe41fc1000 	C:\WINDOWS\System32\ucrtbase.dll
0x00007ffe318b0000 - 0x00007ffe31b42000 	C:\WINDOWS\WinSxS\amd64_microsoft.windows.common-controls_6595b64144ccf1df_6.0.22621.4830_none_270fe7d773858e80\COMCTL32.dll
0x00007ffe430c0000 - 0x00007ffe430f1000 	C:\WINDOWS\System32\IMM32.DLL
0x0000000065ed0000 - 0x0000000065edc000 	C:\Program Files (x86)\360\Total Security\safemon\SafeWrapper.dll
0x00007ffdcdbe0000 - 0x00007ffdcdc8c000 	C:\Program Files (x86)\360\Total Security\safemon\libzdtp64.dll
0x00007ffe443c0000 - 0x00007ffe44c48000 	C:\WINDOWS\System32\SHELL32.dll
0x00007ffe42670000 - 0x00007ffe427af000 	C:\WINDOWS\System32\wintypes.dll
0x00007ffe43370000 - 0x00007ffe43700000 	C:\WINDOWS\System32\combase.dll
0x00007ffe42de0000 - 0x00007ffe42e3e000 	C:\WINDOWS\System32\SHLWAPI.dll
0x00007ffe41860000 - 0x00007ffe4186a000 	C:\WINDOWS\SYSTEM32\VERSION.dll
0x00000000640e0000 - 0x00000000641b2000 	C:\Program Files\Java\jdk1.8.0_111\jre\bin\msvcr100.dll
0x00000000641c0000 - 0x0000000064a5a000 	C:\Program Files\Java\jdk1.8.0_111\jre\bin\server\jvm.dll
0x00007ffe43360000 - 0x00007ffe43368000 	C:\WINDOWS\System32\PSAPI.DLL
0x00007ffe30aa0000 - 0x00007ffe30aa9000 	C:\WINDOWS\SYSTEM32\WSOCK32.dll
0x00007ffe43d40000 - 0x00007ffe43db1000 	C:\WINDOWS\System32\WS2_32.dll
0x00007ffe3c030000 - 0x00007ffe3c064000 	C:\WINDOWS\SYSTEM32\WINMM.dll
0x0000000064090000 - 0x000000006409f000 	C:\Program Files\Java\jdk1.8.0_111\jre\bin\verify.dll
0x0000000064060000 - 0x0000000064089000 	C:\Program Files\Java\jdk1.8.0_111\jre\bin\java.dll
0x0000000064040000 - 0x0000000064056000 	C:\Program Files\Java\jdk1.8.0_111\jre\bin\zip.dll

VM Arguments:
jvm_args: -Dfile.encoding=UTF-8 
java_command: sistemaventa.SistemaVenta
java_class_path (initial): C:\Program Files\NetBeans 8.2\java\modules\ext\AbsoluteLayout.jar;C:\Users\vic\Documents\Sistemas Vitroid-VHAO SYSTEM\Sistema-venta-java-v1-main\Sistema-venta-java-v1-main\librerias\AbsoluteLayout.jar;C:\Users\vic\Documents\Sistemas Vitroid-VHAO SYSTEM\Sistema-venta-java-v1-main\Sistema-venta-java-v1-main\librerias\mysql-connector-java-8.0.19.jar;C:\Users\vic\Documents\Sistemas Vitroid-VHAO SYSTEM\Sistema-venta-java-v1-main\Sistema-venta-java-v1-main\librerias\itextpdf-5.5.1.jar;C:\Users\vic\Documents\Sistemas Vitroid-VHAO SYSTEM\Sistema-venta-java-v1-main\Sistema-venta-java-v1-main\librerias\jcalendar-1.4.jar;C:\Users\vic\Documents\Sistemas Vitroid-VHAO SYSTEM\Sistema-venta-java-v1-main\Sistema-venta-java-v1-main\librerias\jfreechart-1.0.19.jar;C:\Users\vic\Documents\Sistemas Vitroid-VHAO SYSTEM\Sistema-venta-java-v1-main\Sistema-venta-java-v1-main\librerias\jcommon-1.0.23.jar;C:\Users\vic\Documents\Sistemas Vitroid-VHAO SYSTEM\Sistema-venta-java-v1-main\Sistema-venta-java-v1-main\build\classes
Launcher Type: SUN_STANDARD

Environment Variables:
JAVA_HOME=C:\Program Files\Java\jdk1.8.0_202;C:\Program Files\Java\jre1.8.0_301
PATH=C:\Program Files\Common Files\Oracle\Java\javapath;C:\Program Files (x86)\Common Files\Intel\Shared Libraries\redist\intel64\compiler;C:\Program Files (x86)\Common Files\Oracle\Java\javapath;"C:\Program Files\Java\jdk1.8.0_202\bin;C:\Program Files\Java\jre1.8.0_301";C:\WINDOWS\system32;C:\WINDOWS;C:\WINDOWS\System32\Wbem;C:\WINDOWS\System32\WindowsPowerShell\v1.0\;C:\WINDOWS\System32\OpenSSH\;C:\Users\vic\AppData\Local\Android\Sdk\platforms;C:\Users\vic\AppData\Local\Android\Sdk\platform-tools;C:\Program Files (x86)\QuickTime\QTSystem\;C:\Program Files\dotnet\;C:\Program Files\Microsoft SQL Server\Client SDK\ODBC\170\Tools\Binn\;C:\Program Files (x86)\Microsoft SQL Server\150\Tools\Binn\;C:\Program Files\Microsoft SQL Server\150\Tools\Binn\;C:\Program Files\Microsoft SQL Server\150\DTS\Binn\;C:\Program Files\Azure Data Studio\bin;C:\Program Files\Microsoft SQL Server\130\Tools\Binn\;C:\Program Files (x86)\Microsoft SQL Server\150\DTS\Binn\;C:\Program Files\Git\cmd;C:\Program Files\Microsoft SQL Server\Client SDK\ODBC\110\Tools\Binn\;C:\Program Files (x86)\Microsoft SQL Server\120\Tools\Binn\;C:\Program Files\Microsoft SQL Server\120\Tools\Binn\;C:\Program Files\Microsoft SQL Server\120\DTS\Binn\;C:\Users\vic\AppData\Local\Microsoft\WindowsApps;;C:\Users\vic\AppData\Local\Programs\Microsoft VS Code\bin;C:\Users\vic\.dotnet\tools;C:\Program Files\Azure Data Studio\bin
USERNAME=vic
OS=Windows_NT
PROCESSOR_IDENTIFIER=AMD64 Family 23 Model 96 Stepping 1, AuthenticAMD



---------------  S Y S T E M  ---------------

OS: Windows 10.0 , 64 bit Build 22621 (10.0.22621.4974)

CPU:total 8 (8 cores per cpu, 1 threads per core) family 23 model 96 stepping 1, cmov, cx8, fxsr, mmx, sse, sse2, sse3, ssse3, sse4.1, sse4.2, popcnt, avx, avx2, aes, clmul, mmxext, 3dnowpref, lzcnt, sse4a, tsc, tscinvbit, tscinv, bmi1

Memory: 4k page, physical 7730500k(1145120k free), swap 10390568k(4424k free)

vm_info: Java HotSpot(TM) 64-Bit Server VM (25.111-b14) for windows-amd64 JRE (1.8.0_111-b14), built on Sep 22 2016 19:24:05 by "java_re" with MS VC++ 10.0 (VS2010)

time: Thu Apr 03 17:43:48 2025
elapsed time: 0 seconds (0d 0h 0m 0s)

