#
# There is insufficient memory for the Java Runtime Environment to continue.
# Native memory allocation (malloc) failed to allocate 941456 bytes for Chunk::new
# Possible reasons:
#   The system is out of physical RAM or swap space
#   In 32 bit mode, the process size limit was hit
# Possible solutions:
#   Reduce memory load on the system
#   Increase physical memory or swap space
#   Check if swap backing store is full
#   Use 64 bit Java on a 64 bit OS
#   Decrease Java heap size (-Xmx/-Xms)
#   Decrease number of Java threads
#   Decrease Java thread stack sizes (-Xss)
#   Set larger code cache with -XX:ReservedCodeCacheSize=
# This output file may be truncated or incomplete.
#
#  Out of Memory Error (allocation.cpp:390), pid=10704, tid=0x0000000000001b8c
#
# JRE version: Java(TM) SE Runtime Environment (8.0_111-b14) (build 1.8.0_111-b14)
# Java VM: Java HotSpot(TM) 64-Bit Server VM (25.111-b14 mixed mode windows-amd64 compressed oops)
# Failed to write core dump. Minidumps are not enabled by default on client versions of Windows
#

---------------  T H R E A D  ---------------

Current thread (0x0000000019404000):  JavaThread "C2 CompilerThread2" daemon [_thread_in_native, id=7052, stack(0x0000000019e00000,0x0000000019f00000)]

Stack: [0x0000000019e00000,0x0000000019f00000]
[error occurred during error reporting (printing stack bounds), id 0xc0000005]

Native frames: (J=compiled Java code, j=interpreted, Vv=VM code, C=native code)


Current CompileTask:
C2:   5513 5534       4       com.sun.tools.javac.comp.Resolve::isAccessible (332 bytes)


---------------  P R O C E S S  ---------------

Java Threads: ( => current thread )
  0x000000001b86d000 JavaThread "Thread-2" daemon [_thread_blocked, id=7284, stack(0x000000001d1a0000,0x000000001d2a0000)]
  0x0000000019495000 JavaThread "Service Thread" daemon [_thread_blocked, id=10144, stack(0x000000001a000000,0x000000001a100000)]
  0x000000001940b000 JavaThread "C1 CompilerThread3" daemon [_thread_in_native, id=3328, stack(0x0000000019f00000,0x000000001a000000)]
=>0x0000000019404000 JavaThread "C2 CompilerThread2" daemon [_thread_in_native, id=7052, stack(0x0000000019e00000,0x0000000019f00000)]
  0x0000000019401800 JavaThread "C2 CompilerThread1" daemon [_thread_in_native, id=5016, stack(0x0000000019d00000,0x0000000019e00000)]
  0x00000000193ff800 JavaThread "C2 CompilerThread0" daemon [_thread_in_native, id=15852, stack(0x0000000019c00000,0x0000000019d00000)]
  0x00000000193f9000 JavaThread "Attach Listener" daemon [_thread_blocked, id=6896, stack(0x0000000019b00000,0x0000000019c00000)]
  0x00000000193f8000 JavaThread "Signal Dispatcher" daemon [_thread_blocked, id=17020, stack(0x0000000019a00000,0x0000000019b00000)]
  0x00000000193f0800 JavaThread "Finalizer" daemon [_thread_blocked, id=17880, stack(0x00000000197d0000,0x00000000198d0000)]
  0x00000000174ed000 JavaThread "Reference Handler" daemon [_thread_blocked, id=17860, stack(0x00000000192d0000,0x00000000193d0000)]
  0x000000000294e000 JavaThread "main" [_thread_in_Java, id=15296, stack(0x00000000027e0000,0x00000000028e0000)]

Other Threads:
  0x00000000174e9000 VMThread [stack: 0x00000000191d0000,0x00000000192d0000] [id=17712]
  0x00000000194c0000 WatcherThread [stack: 0x000000001a100000,0x000000001a200000] [id=5660]

VM state:not at safepoint (normal execution)

VM Mutex/Monitor currently owned by a thread: None

Heap:
 PSYoungGen      total 127488K, used 43755K [0x00000000d8b00000, 0x00000000e0c00000, 0x0000000100000000)
  eden space 122880K, 31% used [0x00000000d8b00000,0x00000000db13e0b8,0x00000000e0300000)
  from space 4608K, 99% used [0x00000000e0300000,0x00000000e077cf40,0x00000000e0780000)
  to   space 4608K, 0% used [0x00000000e0780000,0x00000000e0780000,0x00000000e0c00000)
 ParOldGen       total 59904K, used 24892K [0x000000008a000000, 0x000000008da80000, 0x00000000d8b00000)
  object space 59904K, 41% used [0x000000008a000000,0x000000008b84f1b8,0x000000008da80000)
 Metaspace       used 28348K, capacity 29414K, committed 29568K, reserved 1075200K
  class space    used 3367K, capacity 3636K, committed 3712K, reserved 1048576K

Card table byte_map: [0x0000000011e10000,0x00000000121d0000] byte_map_base: 0x00000000119c0000

Marking Bits: (ParMarkBitMap*) 0x0000000074d0a6c0
 Begin Bits: [0x0000000012c50000, 0x00000000149d0000)
 End Bits:   [0x00000000149d0000, 0x0000000016750000)

Polling page: 0x0000000000f60000

CodeCache: size=245760Kb used=19246Kb max_used=19246Kb free=226514Kb
 bounds [0x0000000002a50000, 0x0000000003d30000, 0x0000000011a50000]
 total_blobs=5731 nmethods=5301 adapters=343
 compilation: enabled

Compilation events (10 events):
Event: 5.507 Thread 0x000000001940b000 5688       2       com.sun.tools.javac.code.Type$UndetVar$1::apply (40 bytes)
Event: 5.508 Thread 0x000000001940b000 nmethod 5688 0x0000000003d20f50 code [0x0000000003d210c0, 0x0000000003d212f8]
Event: 5.508 Thread 0x000000001940b000 5690       2       java.util.LinkedHashSet::<init> (10 bytes)
Event: 5.508 Thread 0x0000000019401800 nmethod 5567 0x0000000003d21450 code [0x0000000003d21c20, 0x0000000003d23fd8]
Event: 5.508 Thread 0x000000001940b000 nmethod 5690 0x0000000003d1ef10 code [0x0000000003d1f0a0, 0x0000000003d1f2c8]
Event: 5.508 Thread 0x000000001940b000 5689       2       com.sun.tools.javac.code.Type$ClassType::contains (69 bytes)
Event: 5.508 Thread 0x0000000019401800 5668       4       com.sun.tools.javac.code.Type::containsAny (39 bytes)
Event: 5.509 Thread 0x000000001940b000 nmethod 5689 0x0000000003d1e510 code [0x0000000003d1e700, 0x0000000003d1ebd8]
Event: 5.510 Thread 0x000000001940b000 5691       2       java.lang.Enum::getDeclaringClass (22 bytes)
Event: 5.510 Thread 0x000000001940b000 nmethod 5691 0x0000000003d1e110 code [0x0000000003d1e280, 0x0000000003d1e428]

GC Heap History (10 events):
Event: 1.077 GC heap before
{Heap before GC invocations=2 (full 0):
 PSYoungGen      total 35328K, used 35315K [0x00000000d8b00000, 0x00000000dd000000, 0x0000000100000000)
  eden space 30720K, 100% used [0x00000000d8b00000,0x00000000da900000,0x00000000da900000)
  from space 4608K, 99% used [0x00000000da900000,0x00000000dad7ccc8,0x00000000dad80000)
  to   space 4608K, 0% used [0x00000000dcb80000,0x00000000dcb80000,0x00000000dd000000)
 ParOldGen       total 80896K, used 986K [0x000000008a000000, 0x000000008ef00000, 0x00000000d8b00000)
  object space 80896K, 1% used [0x000000008a000000,0x000000008a0f69c8,0x000000008ef00000)
 Metaspace       used 11497K, capacity 11800K, committed 12160K, reserved 1060864K
  class space    used 1431K, capacity 1566K, committed 1664K, reserved 1048576K
Event: 1.085 GC heap after
Heap after GC invocations=2 (full 0):
 PSYoungGen      total 66048K, used 4596K [0x00000000d8b00000, 0x00000000dd000000, 0x0000000100000000)
  eden space 61440K, 0% used [0x00000000d8b00000,0x00000000d8b00000,0x00000000dc700000)
  from space 4608K, 99% used [0x00000000dcb80000,0x00000000dcffd190,0x00000000dd000000)
  to   space 4608K, 0% used [0x00000000dc700000,0x00000000dc700000,0x00000000dcb80000)
 ParOldGen       total 80896K, used 2176K [0x000000008a000000, 0x000000008ef00000, 0x00000000d8b00000)
  object space 80896K, 2% used [0x000000008a000000,0x000000008a220370,0x000000008ef00000)
 Metaspace       used 11497K, capacity 11800K, committed 12160K, reserved 1060864K
  class space    used 1431K, capacity 1566K, committed 1664K, reserved 1048576K
}
Event: 2.195 GC heap before
{Heap before GC invocations=3 (full 0):
 PSYoungGen      total 66048K, used 66036K [0x00000000d8b00000, 0x00000000dd000000, 0x0000000100000000)
  eden space 61440K, 100% used [0x00000000d8b00000,0x00000000dc700000,0x00000000dc700000)
  from space 4608K, 99% used [0x00000000dcb80000,0x00000000dcffd190,0x00000000dd000000)
  to   space 4608K, 0% used [0x00000000dc700000,0x00000000dc700000,0x00000000dcb80000)
 ParOldGen       total 80896K, used 2176K [0x000000008a000000, 0x000000008ef00000, 0x00000000d8b00000)
  object space 80896K, 2% used [0x000000008a000000,0x000000008a220370,0x000000008ef00000)
 Metaspace       used 18879K, capacity 19576K, committed 19840K, reserved 1067008K
  class space    used 2404K, capacity 2589K, committed 2688K, reserved 1048576K
Event: 2.209 GC heap after
Heap after GC invocations=3 (full 0):
 PSYoungGen      total 66048K, used 4576K [0x00000000d8b00000, 0x00000000e0c00000, 0x0000000100000000)
  eden space 61440K, 0% used [0x00000000d8b00000,0x00000000d8b00000,0x00000000dc700000)
  from space 4608K, 99% used [0x00000000dc700000,0x00000000dcb781b0,0x00000000dcb80000)
  to   space 4608K, 0% used [0x00000000e0780000,0x00000000e0780000,0x00000000e0c00000)
 ParOldGen       total 80896K, used 8826K [0x000000008a000000, 0x000000008ef00000, 0x00000000d8b00000)
  object space 80896K, 10% used [0x000000008a000000,0x000000008a89e808,0x000000008ef00000)
 Metaspace       used 18879K, capacity 19576K, committed 19840K, reserved 1067008K
  class space    used 2404K, capacity 2589K, committed 2688K, reserved 1048576K
}
Event: 2.593 GC heap before
{Heap before GC invocations=4 (full 0):
 PSYoungGen      total 66048K, used 30280K [0x00000000d8b00000, 0x00000000e0c00000, 0x0000000100000000)
  eden space 61440K, 41% used [0x00000000d8b00000,0x00000000da41a0f0,0x00000000dc700000)
  from space 4608K, 99% used [0x00000000dc700000,0x00000000dcb781b0,0x00000000dcb80000)
  to   space 4608K, 0% used [0x00000000e0780000,0x00000000e0780000,0x00000000e0c00000)
 ParOldGen       total 80896K, used 8826K [0x000000008a000000, 0x000000008ef00000, 0x00000000d8b00000)
  object space 80896K, 10% used [0x000000008a000000,0x000000008a89e808,0x000000008ef00000)
 Metaspace       used 20264K, capacity 21194K, committed 21248K, reserved 1067008K
  class space    used 2557K, capacity 2762K, committed 2816K, reserved 1048576K
Event: 2.602 GC heap after
Heap after GC invocations=4 (full 0):
 PSYoungGen      total 127488K, used 4592K [0x00000000d8b00000, 0x00000000e0c00000, 0x0000000100000000)
  eden space 122880K, 0% used [0x00000000d8b00000,0x00000000d8b00000,0x00000000e0300000)
  from space 4608K, 99% used [0x00000000e0780000,0x00000000e0bfc130,0x00000000e0c00000)
  to   space 4608K, 0% used [0x00000000e0300000,0x00000000e0300000,0x00000000e0780000)
 ParOldGen       total 80896K, used 11246K [0x000000008a000000, 0x000000008ef00000, 0x00000000d8b00000)
  object space 80896K, 13% used [0x000000008a000000,0x000000008aafb978,0x000000008ef00000)
 Metaspace       used 20264K, capacity 21194K, committed 21248K, reserved 1067008K
  class space    used 2557K, capacity 2762K, committed 2816K, reserved 1048576K
}
Event: 2.602 GC heap before
{Heap before GC invocations=5 (full 1):
 PSYoungGen      total 127488K, used 4592K [0x00000000d8b00000, 0x00000000e0c00000, 0x0000000100000000)
  eden space 122880K, 0% used [0x00000000d8b00000,0x00000000d8b00000,0x00000000e0300000)
  from space 4608K, 99% used [0x00000000e0780000,0x00000000e0bfc130,0x00000000e0c00000)
  to   space 4608K, 0% used [0x00000000e0300000,0x00000000e0300000,0x00000000e0780000)
 ParOldGen       total 80896K, used 11246K [0x000000008a000000, 0x000000008ef00000, 0x00000000d8b00000)
  object space 80896K, 13% used [0x000000008a000000,0x000000008aafb978,0x000000008ef00000)
 Metaspace       used 20264K, capacity 21194K, committed 21248K, reserved 1067008K
  class space    used 2557K, capacity 2762K, committed 2816K, reserved 1048576K
Event: 2.639 GC heap after
Heap after GC invocations=5 (full 1):
 PSYoungGen      total 127488K, used 0K [0x00000000d8b00000, 0x00000000e0c00000, 0x0000000100000000)
  eden space 122880K, 0% used [0x00000000d8b00000,0x00000000d8b00000,0x00000000e0300000)
  from space 4608K, 0% used [0x00000000e0780000,0x00000000e0780000,0x00000000e0c00000)
  to   space 4608K, 0% used [0x00000000e0300000,0x00000000e0300000,0x00000000e0780000)
 ParOldGen       total 59904K, used 8553K [0x000000008a000000, 0x000000008da80000, 0x00000000d8b00000)
  object space 59904K, 14% used [0x000000008a000000,0x000000008a85a5b8,0x000000008da80000)
 Metaspace       used 20264K, capacity 21194K, committed 21248K, reserved 1067008K
  class space    used 2557K, capacity 2762K, committed 2816K, reserved 1048576K
}
Event: 4.954 GC heap before
{Heap before GC invocations=6 (full 1):
 PSYoungGen      total 127488K, used 122880K [0x00000000d8b00000, 0x00000000e0c00000, 0x0000000100000000)
  eden space 122880K, 100% used [0x00000000d8b00000,0x00000000e0300000,0x00000000e0300000)
  from space 4608K, 0% used [0x00000000e0780000,0x00000000e0780000,0x00000000e0c00000)
  to   space 4608K, 0% used [0x00000000e0300000,0x00000000e0300000,0x00000000e0780000)
 ParOldGen       total 59904K, used 8553K [0x000000008a000000, 0x000000008da80000, 0x00000000d8b00000)
  object space 59904K, 14% used [0x000000008a000000,0x000000008a85a5b8,0x000000008da80000)
 Metaspace       used 27921K, capacity 28966K, committed 29056K, reserved 1075200K
  class space    used 3364K, capacity 3636K, committed 3712K, reserved 1048576K
Event: 4.975 GC heap after
Heap after GC invocations=6 (full 1):
 PSYoungGen      total 127488K, used 4595K [0x00000000d8b00000, 0x00000000e0c00000, 0x0000000100000000)
  eden space 122880K, 0% used [0x00000000d8b00000,0x00000000d8b00000,0x00000000e0300000)
  from space 4608K, 99% used [0x00000000e0300000,0x00000000e077cf40,0x00000000e0780000)
  to   space 4608K, 0% used [0x00000000e0780000,0x00000000e0780000,0x00000000e0c00000)
 ParOldGen       total 59904K, used 24892K [0x000000008a000000, 0x000000008da80000, 0x00000000d8b00000)
  object space 59904K, 41% used [0x000000008a000000,0x000000008b84f1b8,0x000000008da80000)
 Metaspace       used 27921K, capacity 28966K, committed 29056K, reserved 1075200K
  class space    used 3364K, capacity 3636K, committed 3712K, reserved 1048576K
}

Deoptimization events (10 events):
Event: 5.505 Thread 0x000000000294e000 Uncommon trap: reason=class_check action=maybe_recompile pc=0x0000000003c94d3c method=com.sun.tools.javac.comp.Resolve.rawInstantiate(Lcom/sun/tools/javac/comp/Env;Lcom/sun/tools/javac/code/Type;Lcom/sun/tools/javac/code/Symbol;Lcom/sun/tools/javac/comp/A
Event: 5.505 Thread 0x000000000294e000 Uncommon trap: reason=class_check action=maybe_recompile pc=0x0000000003c94d3c method=com.sun.tools.javac.comp.Resolve.rawInstantiate(Lcom/sun/tools/javac/comp/Env;Lcom/sun/tools/javac/code/Type;Lcom/sun/tools/javac/code/Symbol;Lcom/sun/tools/javac/comp/A
Event: 5.505 Thread 0x000000000294e000 Uncommon trap: reason=class_check action=maybe_recompile pc=0x0000000003c94d3c method=com.sun.tools.javac.comp.Resolve.rawInstantiate(Lcom/sun/tools/javac/comp/Env;Lcom/sun/tools/javac/code/Type;Lcom/sun/tools/javac/code/Symbol;Lcom/sun/tools/javac/comp/A
Event: 5.505 Thread 0x000000000294e000 Uncommon trap: reason=predicate action=maybe_recompile pc=0x0000000002e79d68 method=com.sun.tools.javac.comp.Resolve$AbstractMethodCheck.argumentsAcceptable(Lcom/sun/tools/javac/comp/Env;Lcom/sun/tools/javac/comp/DeferredAttr$DeferredAttrContext;Lcom/sun/
Event: 5.506 Thread 0x000000000294e000 Uncommon trap: reason=class_check action=maybe_recompile pc=0x0000000003c94d3c method=com.sun.tools.javac.comp.Resolve.rawInstantiate(Lcom/sun/tools/javac/comp/Env;Lcom/sun/tools/javac/code/Type;Lcom/sun/tools/javac/code/Symbol;Lcom/sun/tools/javac/comp/A
Event: 5.506 Thread 0x000000000294e000 Uncommon trap: reason=class_check action=maybe_recompile pc=0x0000000003cc2f60 method=com.sun.tools.javac.comp.Resolve$AbstractMethodCheck.argumentsAcceptable(Lcom/sun/tools/javac/comp/Env;Lcom/sun/tools/javac/comp/DeferredAttr$DeferredAttrContext;Lcom/su
Event: 5.506 Thread 0x000000000294e000 Uncommon trap: reason=class_check action=maybe_recompile pc=0x0000000003cc2f60 method=com.sun.tools.javac.comp.Resolve$AbstractMethodCheck.argumentsAcceptable(Lcom/sun/tools/javac/comp/Env;Lcom/sun/tools/javac/comp/DeferredAttr$DeferredAttrContext;Lcom/su
Event: 5.507 Thread 0x000000000294e000 Uncommon trap: reason=predicate action=maybe_recompile pc=0x0000000003238c90 method=com.sun.tools.javac.code.Type.containsAny(Lcom/sun/tools/javac/util/List;)Z @ 14
Event: 5.508 Thread 0x000000000294e000 Uncommon trap: reason=class_check action=maybe_recompile pc=0x0000000003cc2f60 method=com.sun.tools.javac.comp.Resolve$AbstractMethodCheck.argumentsAcceptable(Lcom/sun/tools/javac/comp/Env;Lcom/sun/tools/javac/comp/DeferredAttr$DeferredAttrContext;Lcom/su
Event: 5.509 Thread 0x000000000294e000 Uncommon trap: reason=class_check action=maybe_recompile pc=0x0000000003cc2f60 method=com.sun.tools.javac.comp.Resolve$AbstractMethodCheck.argumentsAcceptable(Lcom/sun/tools/javac/comp/Env;Lcom/sun/tools/javac/comp/DeferredAttr$DeferredAttrContext;Lcom/su

Internal exceptions (10 events):
Event: 3.224 Thread 0x000000000294e000 Exception <a 'sun/nio/fs/WindowsException'> (0x00000000d9748360) thrown at [C:\re\workspace\8-2-build-windows-amd64-cygwin\jdk8u111\7883\hotspot\src\share\vm\prims\jni.cpp, line 709]
Event: 3.227 Thread 0x000000000294e000 Exception <a 'sun/nio/fs/WindowsException'> (0x00000000d9749de8) thrown at [C:\re\workspace\8-2-build-windows-amd64-cygwin\jdk8u111\7883\hotspot\src\share\vm\prims\jni.cpp, line 709]
Event: 3.230 Thread 0x000000000294e000 Exception <a 'sun/nio/fs/WindowsException'> (0x00000000d974b838) thrown at [C:\re\workspace\8-2-build-windows-amd64-cygwin\jdk8u111\7883\hotspot\src\share\vm\prims\jni.cpp, line 709]
Event: 3.233 Thread 0x000000000294e000 Exception <a 'sun/nio/fs/WindowsException'> (0x00000000d974d288) thrown at [C:\re\workspace\8-2-build-windows-amd64-cygwin\jdk8u111\7883\hotspot\src\share\vm\prims\jni.cpp, line 709]
Event: 3.235 Thread 0x000000000294e000 Exception <a 'sun/nio/fs/WindowsException'> (0x00000000d974ecd8) thrown at [C:\re\workspace\8-2-build-windows-amd64-cygwin\jdk8u111\7883\hotspot\src\share\vm\prims\jni.cpp, line 709]
Event: 3.238 Thread 0x000000000294e000 Exception <a 'sun/nio/fs/WindowsException'> (0x00000000d9750730) thrown at [C:\re\workspace\8-2-build-windows-amd64-cygwin\jdk8u111\7883\hotspot\src\share\vm\prims\jni.cpp, line 709]
Event: 3.499 Thread 0x000000000294e000 Implicit null exception at 0x0000000002ca19d6 to 0x0000000002ca1d5d
Event: 3.792 Thread 0x000000000294e000 Exception <a 'java/lang/ClassNotFoundException': com/sun/tools/javac/api/JavacTool> (0x00000000dbdef130) thrown at [C:\re\workspace\8-2-build-windows-amd64-cygwin\jdk8u111\7883\hotspot\src\share\vm\classfile\systemDictionary.cpp, line 210]
Event: 4.272 Thread 0x000000000294e000 Exception <a 'java/io/FileNotFoundException'> (0x00000000ddcdbd70) thrown at [C:\re\workspace\8-2-build-windows-amd64-cygwin\jdk8u111\7883\hotspot\src\share\vm\prims\jni.cpp, line 709]
Event: 4.275 Thread 0x000000000294e000 Exception <a 'java/io/FileNotFoundException'> (0x00000000ddd10228) thrown at [C:\re\workspace\8-2-build-windows-amd64-cygwin\jdk8u111\7883\hotspot\src\share\vm\prims\jni.cpp, line 709]

Events (10 events):
Event: 5.507 Thread 0x000000000294e000 DEOPT UNPACKING pc=0x0000000002a9582a sp=0x00000000028daae0 mode 2
Event: 5.507 Thread 0x000000000294e000 Uncommon trap: trap_request=0xffffff86 fr.pc=0x0000000003238c90
Event: 5.507 Thread 0x000000000294e000 DEOPT PACKING pc=0x0000000003238c90 sp=0x00000000028dab00
Event: 5.507 Thread 0x000000000294e000 DEOPT UNPACKING pc=0x0000000002a9582a sp=0x00000000028daa50 mode 2
Event: 5.508 Thread 0x000000000294e000 Uncommon trap: trap_request=0xffffffde fr.pc=0x0000000003cc2f60
Event: 5.508 Thread 0x000000000294e000 DEOPT PACKING pc=0x0000000003cc2f60 sp=0x00000000028dabc0
Event: 5.508 Thread 0x000000000294e000 DEOPT UNPACKING pc=0x0000000002a9582a sp=0x00000000028dab80 mode 2
Event: 5.509 Thread 0x000000000294e000 Uncommon trap: trap_request=0xffffffde fr.pc=0x0000000003cc2f60
Event: 5.509 Thread 0x000000000294e000 DEOPT PACKING pc=0x0000000003cc2f60 sp=0x00000000028dad40
Event: 5.509 Thread 0x000000000294e000 DEOPT UNPACKING pc=0x0000000002a9582a sp=0x00000000028dad00 mode 2


Dynamic libraries:
0x00007ff62ded0000 - 0x00007ff62df07000 	C:\Program Files\Java\jdk1.8.0_111\bin\java.exe
0x00007ffaf22d0000 - 0x00007ffaf24e7000 	C:\WINDOWS\SYSTEM32\ntdll.dll
0x00007ffaf1230000 - 0x00007ffaf12f4000 	C:\WINDOWS\System32\KERNEL32.DLL
0x00007ffaef780000 - 0x00007ffaefb52000 	C:\WINDOWS\System32\KERNELBASE.dll
0x00007ffaf0840000 - 0x00007ffaf08f1000 	C:\WINDOWS\System32\ADVAPI32.dll
0x00007ffaf1a20000 - 0x00007ffaf1ac7000 	C:\WINDOWS\System32\msvcrt.dll
0x00007ffaf1d60000 - 0x00007ffaf1e08000 	C:\WINDOWS\System32\sechost.dll
0x00007ffaeff30000 - 0x00007ffaeff58000 	C:\WINDOWS\System32\bcrypt.dll
0x00007ffaf1b90000 - 0x00007ffaf1ca4000 	C:\WINDOWS\System32\RPCRT4.dll
0x00007ffaeff60000 - 0x00007ffaf0111000 	C:\WINDOWS\System32\USER32.dll
0x00007ffaef500000 - 0x00007ffaef526000 	C:\WINDOWS\System32\win32u.dll
0x00007ffaf0130000 - 0x00007ffaf0159000 	C:\WINDOWS\System32\GDI32.dll
0x00007ffaef5d0000 - 0x00007ffaef6f3000 	C:\WINDOWS\System32\gdi32full.dll
0x00007ffaef530000 - 0x00007ffaef5ca000 	C:\WINDOWS\System32\msvcp_win.dll
0x00007ffaefcd0000 - 0x00007ffaefde1000 	C:\WINDOWS\System32\ucrtbase.dll
0x00007ffadf920000 - 0x00007ffadfbbb000 	C:\WINDOWS\WinSxS\amd64_microsoft.windows.common-controls_6595b64144ccf1df_6.0.22621.5415_none_270d77d17387d7da\COMCTL32.dll
0x00007ffaf06f0000 - 0x00007ffaf0721000 	C:\WINDOWS\System32\IMM32.DLL
0x0000000076230000 - 0x000000007623c000 	C:\Program Files (x86)\360\Total Security\safemon\SafeWrapper.dll
0x00007ffa9ea70000 - 0x00007ffa9eb1c000 	C:\Program Files (x86)\360\Total Security\safemon\libzdtp64.dll
0x00007ffaf0900000 - 0x00007ffaf11a2000 	C:\WINDOWS\System32\SHELL32.dll
0x00007ffaefdf0000 - 0x00007ffaeff2f000 	C:\WINDOWS\System32\wintypes.dll
0x00007ffaf0350000 - 0x00007ffaf06e3000 	C:\WINDOWS\System32\combase.dll
0x00007ffaf11b0000 - 0x00007ffaf1219000 	C:\WINDOWS\System32\SHLWAPI.dll
0x00007ffaeed60000 - 0x00007ffaeed6a000 	C:\WINDOWS\SYSTEM32\VERSION.dll
0x0000000074410000 - 0x00000000744e2000 	C:\Program Files\Java\jdk1.8.0_111\jre\bin\msvcr100.dll
0x00000000744f0000 - 0x0000000074d8a000 	C:\Program Files\Java\jdk1.8.0_111\jre\bin\server\jvm.dll
0x00007ffaf0160000 - 0x00007ffaf0168000 	C:\WINDOWS\System32\PSAPI.DLL
0x00007ffacf290000 - 0x00007ffacf299000 	C:\WINDOWS\SYSTEM32\WSOCK32.dll
0x00007ffaf17e0000 - 0x00007ffaf1851000 	C:\WINDOWS\System32\WS2_32.dll
0x00007ffae93f0000 - 0x00007ffae9424000 	C:\WINDOWS\SYSTEM32\WINMM.dll
0x00000000743c0000 - 0x00000000743cf000 	C:\Program Files\Java\jdk1.8.0_111\jre\bin\verify.dll
0x0000000074390000 - 0x00000000743b9000 	C:\Program Files\Java\jdk1.8.0_111\jre\bin\java.dll
0x0000000074370000 - 0x0000000074386000 	C:\Program Files\Java\jdk1.8.0_111\jre\bin\zip.dll
0x00007ffaed280000 - 0x00007ffaedb9e000 	C:\WINDOWS\SYSTEM32\windows.storage.dll
0x00007ffaf1530000 - 0x00007ffaf163b000 	C:\WINDOWS\System32\SHCORE.dll
0x00007ffaef2f0000 - 0x00007ffaef31b000 	C:\WINDOWS\SYSTEM32\profapi.dll
0x0000000074350000 - 0x000000007436a000 	C:\Program Files\Java\jdk1.8.0_111\jre\bin\net.dll
0x00007ffaee800000 - 0x00007ffaee869000 	C:\WINDOWS\system32\mswsock.dll
0x0000000074330000 - 0x0000000074341000 	C:\Program Files\Java\jdk1.8.0_111\jre\bin\nio.dll
0x00007ffabfac0000 - 0x00007ffabfae4000 	C:\Users\vic\Downloads\apache-maven-3.9.10-bin (1)\apache-maven-3.9.10\lib\jansi-native\Windows\x86_64\jansi.dll
0x00007ffaee490000 - 0x00007ffaee4c4000 	C:\WINDOWS\SYSTEM32\ntmarta.dll

VM Arguments:
jvm_args: -Dclassworlds.conf=C:\Users\vic\Downloads\apache-maven-3.9.10-bin (1)\apache-maven-3.9.10\bin\m2.conf -Dmaven.home=C:\Users\vic\Downloads\apache-maven-3.9.10-bin (1)\apache-maven-3.9.10 -Dlibrary.jansi.path=C:\Users\vic\Downloads\apache-maven-3.9.10-bin (1)\apache-maven-3.9.10\lib\jansi-native -Dmaven.multiModuleProjectDirectory=C:\Users\vic\Documents\Sistemas Vitroid-VHAO SYSTEM\VhaoPuntoDeVenta 
java_command: org.codehaus.plexus.classworlds.launcher.Launcher -Dmaven.ext.class.path=C:\Program Files\NetBeans 8.2\java\maven-nblib\netbeans-eventspy.jar -Dfile.encoding=UTF-8 clean install
java_class_path (initial): C:\Users\vic\Downloads\apache-maven-3.9.10-bin (1)\apache-maven-3.9.10\boot\plexus-classworlds-2.9.0.jar
Launcher Type: SUN_STANDARD

Environment Variables:
JAVA_HOME=C:\Program Files\Java\jdk1.8.0_111
PATH=C:\Program Files\Common Files\Oracle\Java\javapath;C:\Program Files (x86)\Common Files\Intel\Shared Libraries\redist\intel64\compiler;C:\Program Files (x86)\Common Files\Oracle\Java\javapath;"C:\Program Files\Java\jdk1.8.0_202\bin;C:\Program Files\Java\jre1.8.0_301";C:\WINDOWS\system32;C:\WINDOWS;C:\WINDOWS\System32\Wbem;C:\WINDOWS\System32\WindowsPowerShell\v1.0\;C:\WINDOWS\System32\OpenSSH\;C:\Users\vic\AppData\Local\Android\Sdk\platforms;C:\Users\vic\AppData\Local\Android\Sdk\platform-tools;C:\Program Files (x86)\QuickTime\QTSystem\;C:\Program Files\dotnet\;C:\Program Files\Microsoft SQL Server\Client SDK\ODBC\170\Tools\Binn\;C:\Program Files (x86)\Microsoft SQL Server\150\Tools\Binn\;C:\Program Files\Microsoft SQL Server\150\Tools\Binn\;C:\Program Files\Microsoft SQL Server\150\DTS\Binn\;C:\Program Files\Azure Data Studio\bin;C:\Program Files\Microsoft SQL Server\130\Tools\Binn\;C:\Program Files (x86)\Microsoft SQL Server\150\DTS\Binn\;C:\Program Files\Git\cmd;C:\Program Files\Microsoft SQL Server\Client SDK\ODBC\110\Tools\Binn\;C:\Program Files (x86)\Microsoft SQL Server\120\Tools\Binn\;C:\Program Files\Microsoft SQL Server\120\Tools\Binn\;C:\Program Files\Microsoft SQL Server\120\DTS\Binn\;C:\apache-maven-3.9.10\bin;C:\Program Files\Java\jdk1.8.0_111\bin;C:\Users\vic\AppData\Local\Microsoft\WindowsApps;;C:\Users\vic\AppData\Local\Programs\Microsoft VS Code\bin;C:\Users\vic\.dotnet\tools;C:\Program Files\Azure Data Studio\bin;C:\intellii\IntelliJ IDEA Community Edition 2025.1.2\bin;
USERNAME=vic
OS=Windows_NT
PROCESSOR_IDENTIFIER=AMD64 Family 23 Model 96 Stepping 1, AuthenticAMD



---------------  S Y S T E M  ---------------

OS: Windows 10.0 , 64 bit Build 22621 (10.0.22621.5415)

CPU:total 8 (8 cores per cpu, 1 threads per core) family 23 model 96 stepping 1, cmov, cx8, fxsr, mmx, sse, sse2, sse3, ssse3, sse4.1, sse4.2, popcnt, avx, avx2, aes, clmul, mmxext, 3dnowpref, lzcnt, sse4a, tsc, tscinvbit, tscinv, bmi1

Memory: 4k page, physical 7730500k(492060k free), swap 14421580k(5164k free)

vm_info: Java HotSpot(TM) 64-Bit Server VM (25.111-b14) for windows-amd64 JRE (1.8.0_111-b14), built on Sep 22 2016 19:24:05 by "java_re" with MS VC++ 10.0 (VS2010)

time: Thu Jun 19 02:26:40 2025
elapsed time: 5 seconds (0d 0h 0m 5s)

